Arguments: 
  /usr/local/bin/node /Users/th_kertsalis/.npm-global/bin/yarn add @types/node

PATH: 
  /usr/local/bin:/usr/bin:/bin:/usr/sbin:/sbin:/usr/local/share/dotnet:~/.dotnet/tools:/Library/Frameworks/Mono.framework/Versions/Current/Commands:/Applications/Xamarin Workbooks.app/Contents/SharedSupport/path-bin:/Users/th_kertsalis/.npm-packages/lib/node_modules:/Users/th_kertsalis/.npm-packages/lib:/Users/th_kertsalis/.npm-global/bin

Yarn version: 
  1.16.0

Node version: 
  10.16.0

Platform: 
  darwin x64

Trace: 
  Error: https://registry.yarnpkg.com/@angular/common/-/common-7.2.15.tgz: ESOCKETTIMEDOUT
      at ClientRequest.<anonymous> (/Users/th_kertsalis/.npm-global/lib/node_modules/yarn/lib/cli.js:130217:19)
      at Object.onceWrapper (events.js:286:20)
      at ClientRequest.emit (events.js:198:13)
      at TLSSocket.emitRequestTimeout (_http_client.js:662:40)
      at Object.onceWrapper (events.js:286:20)
      at TLSSocket.emit (events.js:198:13)
      at TLSSocket.Socket._onTimeout (net.js:442:8)
      at ontimeout (timers.js:436:11)
      at tryOnTimeout (timers.js:300:5)
      at listOnTimeout (timers.js:263:5)

npm manifest: 
  {
    "name": "DysPraxi2",
    "version": "0.0.1",
    "author": "Ionic Framework",
    "homepage": "https://ionicframework.com/",
    "scripts": {
      "ng": "ng",
      "start": "ng serve",
      "build": "ng build",
      "test": "ng test",
      "lint": "ng lint",
      "e2e": "ng e2e"
    },
    "private": true,
    "dependencies": {
      "@angular/animations": "^8.0.2",
      "@angular/cdk": "^8.0.1",
      "@angular/common": "^7.2.2",
      "@angular/core": "^8.0.2",
      "@angular/forms": "^7.2.2",
      "@angular/http": "^7.2.2",
      "@angular/material": "^8.0.1",
      "@angular/platform-browser": "^7.2.15",
      "@angular/platform-browser-dynamic": "^7.2.2",
      "@angular/router": "^7.2.2",
      "@ionic-native/core": "^5.0.0",
      "@ionic-native/file": "^5.8.0",
      "@ionic-native/file-picker": "^5.7.0",
      "@ionic-native/splash-screen": "^5.0.0",
      "@ionic-native/status-bar": "^5.0.0",
      "@ionic/angular": "^4.1.0",
      "@types/es6-shim": "^0.31.39",
      "cordova": "^8.1.2",
      "cordova-ios": "5.0.1",
      "cordova-plugin-file": "^6.0.1",
      "cordova-plugin-filepath": "^1.5.5",
      "cordova-plugin-filepicker": "^1.1.6",
      "core-js": "^2.5.4",
      "node": "^12.4.0",
      "npm": "^6.9.0",
      "pdfjs": "^2.3.0",
      "pdfjs-dist": "^2.0.489",
      "promise": "^8.0.3",
      "rxjs": "~6.5.1",
      "textract": "^2.5.0",
      "tslib": "^1.9.0",
      "typings": "^2.1.1",
      "yarn": "^1.16.0",
      "zone.js": "~0.8.29"
    },
    "devDependencies": {
      "@angular-devkit/architect": "~0.13.8",
      "@angular-devkit/build-angular": "~0.13.8",
      "@angular-devkit/core": "~7.3.8",
      "@angular-devkit/schematics": "~7.3.8",
      "@angular/cli": "7.3.9",
      "@angular/compiler": "~7.2.2",
      "@angular/compiler-cli": "~7.2.2",
      "@angular/language-service": "~7.2.2",
      "@ionic/angular-toolkit": "~1.5.1",
      "@ionic/lab": "2.0.3",
      "@types/jasmine": "~2.8.8",
      "@types/jasminewd2": "~2.0.3",
      "@types/node": "^12.0.10",
      "codelyzer": "~4.5.0",
      "cordova-plugin-device": "^2.0.2",
      "cordova-plugin-ionic-keyboard": "^2.1.3",
      "cordova-plugin-ionic-webview": "^4.1.0",
      "cordova-plugin-splashscreen": "^5.0.2",
      "cordova-plugin-statusbar": "^2.4.2",
      "cordova-plugin-whitelist": "^1.3.3",
      "jasmine-core": "~2.99.1",
      "jasmine-spec-reporter": "~4.2.1",
      "karma": "~4.1.0",
      "karma-chrome-launcher": "~2.2.0",
      "karma-coverage-istanbul-reporter": "~2.0.1",
      "karma-jasmine": "~1.1.2",
      "karma-jasmine-html-reporter": "^0.2.2",
      "protractor": "~5.4.0",
      "ts-node": "~8.1.0",
      "tslint": "~5.17.0",
      "typescript": "~3.1.6"
    },
    "description": "An Ionic project",
    "cordova": {
      "plugins": {
        "cordova-plugin-whitelist": {},
        "cordova-plugin-statusbar": {},
        "cordova-plugin-device": {},
        "cordova-plugin-splashscreen": {},
        "cordova-plugin-ionic-webview": {},
        "cordova-plugin-ionic-keyboard": {},
        "cordova-plugin-filepicker": {},
        "cordova-plugin-filepath": {},
        "cordova-plugin-file": {}
      },
      "platforms": [
        "ios"
      ]
    }
  }

yarn manifest: 
  No manifest

Lockfile: 
  No lockfile
